<?xml version="1.0" encoding="UTF-8"?>
<testng-results ignored="0" total="2" passed="2" failed="0" skipped="0">
  <reporter-output>
  </reporter-output>
  <suite started-at="2025-08-27T21:36:27 IST" name="Ecommerce" finished-at="2025-08-27T21:36:43 IST" duration-ms="15938">
    <groups>
    </groups>
    <test started-at="2025-08-27T21:36:27 IST" name="OrderCreation" finished-at="2025-08-27T21:36:43 IST" duration-ms="15938">
      <class name="NikhitaJagota.Ecommerce.StandAloneTest">
        <test-method is-config="true" signature="launchApplication()[pri:0, instance:NikhitaJagota.Ecommerce.StandAloneTest@4d0d9fe7]" started-at="2025-08-27T21:36:27 IST" name="launchApplication" finished-at="2025-08-27T21:36:30 IST" duration-ms="2738" status="PASS">
          <reporter-output>
          </reporter-output>
        </test-method> <!-- launchApplication -->
        <test-method signature="ecommereceOrder(java.util.HashMap)[pri:0, instance:NikhitaJagota.Ecommerce.StandAloneTest@4d0d9fe7]" started-at="2025-08-27T21:36:30 IST" name="ecommereceOrder" data-provider="getData" finished-at="2025-08-27T21:36:35 IST" duration-ms="5050" status="PASS">
          <params>
            <param index="0">
              <value>
                <![CDATA[{password=Tuli@1234, product=ZARA COAT3, email=niks9025@gmail.com}]]>
              </value>
            </param>
          </params>
          <reporter-output>
          </reporter-output>
        </test-method> <!-- ecommereceOrder -->
        <test-method is-config="true" signature="driverClose()[pri:0, instance:NikhitaJagota.Ecommerce.StandAloneTest@4d0d9fe7]" started-at="2025-08-27T21:36:35 IST" name="driverClose" finished-at="2025-08-27T21:36:35 IST" duration-ms="264" status="PASS">
          <reporter-output>
          </reporter-output>
        </test-method> <!-- driverClose -->
        <test-method is-config="true" signature="launchApplication()[pri:0, instance:NikhitaJagota.Ecommerce.StandAloneTest@4d0d9fe7]" started-at="2025-08-27T21:36:35 IST" name="launchApplication" finished-at="2025-08-27T21:36:37 IST" duration-ms="1956" status="PASS">
          <reporter-output>
          </reporter-output>
        </test-method> <!-- launchApplication -->
        <test-method signature="ecommereceOrder(java.util.HashMap)[pri:0, instance:NikhitaJagota.Ecommerce.StandAloneTest@4d0d9fe7]" started-at="2025-08-27T21:36:37 IST" name="ecommereceOrder" data-provider="getData" finished-at="2025-08-27T21:36:43 IST" duration-ms="5350" status="PASS">
          <params>
            <param index="0">
              <value>
                <![CDATA[{password=Tuli@1234, product=ADIDAS ORIGINAL, email=niks9025@gmail.com}]]>
              </value>
            </param>
          </params>
          <reporter-output>
          </reporter-output>
        </test-method> <!-- ecommereceOrder -->
        <test-method is-config="true" signature="driverClose()[pri:0, instance:NikhitaJagota.Ecommerce.StandAloneTest@4d0d9fe7]" started-at="2025-08-27T21:36:43 IST" name="driverClose" finished-at="2025-08-27T21:36:43 IST" duration-ms="249" status="PASS">
          <reporter-output>
          </reporter-output>
        </test-method> <!-- driverClose -->
      </class> <!-- NikhitaJagota.Ecommerce.StandAloneTest -->
    </test> <!-- OrderCreation -->
  </suite> <!-- Ecommerce -->
</testng-results>
