<?xml version="1.0" encoding="UTF-8"?>
<testng-results ignored="0" total="2" passed="2" failed="0" skipped="0">
  <reporter-output>
  </reporter-output>
  <suite started-at="2025-08-27T20:05:00 IST" name="Ecommerce" finished-at="2025-08-27T20:05:20 IST" duration-ms="20412">
    <groups>
    </groups>
    <test started-at="2025-08-27T20:05:00 IST" name="OrderCreation" finished-at="2025-08-27T20:05:20 IST" duration-ms="20412">
      <class name="NikhitaJagota.Ecommerce.StandAloneTest">
        <test-method is-config="true" signature="launchApplication()[pri:0, instance:NikhitaJagota.Ecommerce.StandAloneTest@6d5620ce]" started-at="2025-08-27T20:05:00 IST" name="launchApplication" finished-at="2025-08-27T20:05:07 IST" duration-ms="7146" status="PASS">
          <reporter-output>
          </reporter-output>
        </test-method> <!-- launchApplication -->
        <test-method signature="ecommereceOrder(java.util.HashMap)[pri:0, instance:NikhitaJagota.Ecommerce.StandAloneTest@6d5620ce]" started-at="2025-08-27T20:05:07 IST" name="ecommereceOrder" data-provider="getData" finished-at="2025-08-27T20:05:13 IST" duration-ms="5612" status="PASS">
          <params>
            <param index="0">
              <value>
                <![CDATA[{password=Tuli@1234, product=ZARA COAT3, email=niks9025@gmail.com}]]>
              </value>
            </param>
          </params>
          <reporter-output>
          </reporter-output>
        </test-method> <!-- ecommereceOrder -->
        <test-method is-config="true" signature="driverClose()[pri:0, instance:NikhitaJagota.Ecommerce.StandAloneTest@6d5620ce]" started-at="2025-08-27T20:05:13 IST" name="driverClose" finished-at="2025-08-27T20:05:13 IST" duration-ms="182" status="PASS">
          <reporter-output>
          </reporter-output>
        </test-method> <!-- driverClose -->
        <test-method is-config="true" signature="launchApplication()[pri:0, instance:NikhitaJagota.Ecommerce.StandAloneTest@6d5620ce]" started-at="2025-08-27T20:05:13 IST" name="launchApplication" finished-at="2025-08-27T20:05:15 IST" duration-ms="1951" status="PASS">
          <reporter-output>
          </reporter-output>
        </test-method> <!-- launchApplication -->
        <test-method signature="ecommereceOrder(java.util.HashMap)[pri:0, instance:NikhitaJagota.Ecommerce.StandAloneTest@6d5620ce]" started-at="2025-08-27T20:05:15 IST" name="ecommereceOrder" data-provider="getData" finished-at="2025-08-27T20:05:20 IST" duration-ms="4968" status="PASS">
          <params>
            <param index="0">
              <value>
                <![CDATA[{password=Tuli@1234, product=ADIDAS ORIGINAL, email=niks9025@gmail.com}]]>
              </value>
            </param>
          </params>
          <reporter-output>
          </reporter-output>
        </test-method> <!-- ecommereceOrder -->
        <test-method is-config="true" signature="driverClose()[pri:0, instance:NikhitaJagota.Ecommerce.StandAloneTest@6d5620ce]" started-at="2025-08-27T20:05:20 IST" name="driverClose" finished-at="2025-08-27T20:05:20 IST" duration-ms="150" status="PASS">
          <reporter-output>
          </reporter-output>
        </test-method> <!-- driverClose -->
      </class> <!-- NikhitaJagota.Ecommerce.StandAloneTest -->
    </test> <!-- OrderCreation -->
  </suite> <!-- Ecommerce -->
</testng-results>
