<?xml version="1.0" encoding="UTF-8"?>
<testng-results ignored="0" total="2" passed="2" failed="0" skipped="0">
  <reporter-output>
  </reporter-output>
  <suite started-at="2025-09-14T21:32:17 IST" name="Ecommerce" finished-at="2025-09-14T21:33:09 IST" duration-ms="51909">
    <groups>
    </groups>
    <test started-at="2025-09-14T21:32:17 IST" name="OrderCreation" finished-at="2025-09-14T21:33:09 IST" duration-ms="51909">
      <class name="NikhitaJagota.Ecommerce.StandAloneTest">
        <test-method is-config="true" signature="launchApplication()[pri:0, instance:NikhitaJagota.Ecommerce.StandAloneTest@3b6d844d]" started-at="2025-09-14T21:32:17 IST" name="launchApplication" finished-at="2025-09-14T21:32:40 IST" duration-ms="23018" status="PASS">
          <reporter-output>
          </reporter-output>
        </test-method> <!-- launchApplication -->
        <test-method signature="ecommereceOrder(java.util.HashMap)[pri:0, instance:NikhitaJagota.Ecommerce.StandAloneTest@3b6d844d]" started-at="2025-09-14T21:32:40 IST" name="ecommereceOrder" data-provider="getData" finished-at="2025-09-14T21:32:46 IST" duration-ms="5566" status="PASS">
          <params>
            <param index="0">
              <value>
                <![CDATA[{password=Tuli@1234, product=ZARA COAT3, email=niks9025@gmail.com}]]>
              </value>
            </param>
          </params>
          <reporter-output>
          </reporter-output>
        </test-method> <!-- ecommereceOrder -->
        <test-method is-config="true" signature="driverClose()[pri:0, instance:NikhitaJagota.Ecommerce.StandAloneTest@3b6d844d]" started-at="2025-09-14T21:32:46 IST" name="driverClose" finished-at="2025-09-14T21:32:50 IST" duration-ms="4468" status="PASS">
          <reporter-output>
          </reporter-output>
        </test-method> <!-- driverClose -->
        <test-method is-config="true" signature="launchApplication()[pri:0, instance:NikhitaJagota.Ecommerce.StandAloneTest@3b6d844d]" started-at="2025-09-14T21:32:50 IST" name="launchApplication" finished-at="2025-09-14T21:32:58 IST" duration-ms="7429" status="PASS">
          <reporter-output>
          </reporter-output>
        </test-method> <!-- launchApplication -->
        <test-method signature="ecommereceOrder(java.util.HashMap)[pri:0, instance:NikhitaJagota.Ecommerce.StandAloneTest@3b6d844d]" started-at="2025-09-14T21:32:58 IST" name="ecommereceOrder" data-provider="getData" finished-at="2025-09-14T21:33:08 IST" duration-ms="10808" status="PASS">
          <params>
            <param index="0">
              <value>
                <![CDATA[{password=Tuli@1234, product=ADIDAS ORIGINAL, email=niks9025@gmail.com}]]>
              </value>
            </param>
          </params>
          <reporter-output>
          </reporter-output>
        </test-method> <!-- ecommereceOrder -->
        <test-method is-config="true" signature="driverClose()[pri:0, instance:NikhitaJagota.Ecommerce.StandAloneTest@3b6d844d]" started-at="2025-09-14T21:33:08 IST" name="driverClose" finished-at="2025-09-14T21:33:09 IST" duration-ms="305" status="PASS">
          <reporter-output>
          </reporter-output>
        </test-method> <!-- driverClose -->
      </class> <!-- NikhitaJagota.Ecommerce.StandAloneTest -->
    </test> <!-- OrderCreation -->
  </suite> <!-- Ecommerce -->
</testng-results>
